Build started 18/07/2012 16:42:40.
     1>Project "D:\My Documents\GitHub\BudgetTracker\BudgetTracker\BudgetTracker.vcxproj" on node 2 (build target(s)).
     1>InitializeBuildStatus:
         Touching "Debug\BudgetTracker.unsuccessfulbuild".
       GenerateTargetFrameworkMonikerAttribute:
       Skipping target "GenerateTargetFrameworkMonikerAttribute" because all output files are up-to-date with respect to the input files.
       ClCompile:
         All outputs are up-to-date.
         C:\Program Files (x86)\Microsoft Visual Studio 10.0\VC\bin\CL.exe /c /AI"C:\Program Files (x86)\Reference Assemblies\Microsoft\Framework\.NETFramework\v4.0" /Zi /clr:pure /nologo /W3 /WX- /Od /Oy- /D WIN32 /D _DEBUG /D _UNICODE /D UNICODE /EHa /MDd /GS /fp:precise /Zc:wchar_t /Zc:forScope /Yu"StdAfx.h" /Fp"Debug\BudgetTracker.pch" /Fo"Debug\\" /Fd"Debug\vc100.pdb" /TP /FU"C:\Program Files (x86)\Reference Assemblies\Microsoft\Framework\.NETFramework\v4.0\Microsoft.VisualBasic.dll" /FU"C:\Program Files (x86)\Reference Assemblies\Microsoft\VBPowerPacks\v10.0\Microsoft.VisualBasic.PowerPacks.Vs.dll" /FU"C:\Program Files (x86)\Reference Assemblies\Microsoft\Framework\.NETFramework\v4.0\System.Core.dll" /FU"C:\Program Files (x86)\Reference Assemblies\Microsoft\Framework\.NETFramework\v4.0\System.Data.dll" /FU"C:\Program Files (x86)\Reference Assemblies\Microsoft\Framework\.NETFramework\v4.0\System.dll" /FU"C:\Program Files (x86)\Reference Assemblies\Microsoft\Framework\.NETFramework\v4.0\System.Drawing.dll" /FU"C:\Program Files (x86)\Reference Assemblies\Microsoft\Framework\.NETFramework\v4.0\System.Windows.Forms.dll" /FU"C:\Program Files (x86)\Reference Assemblies\Microsoft\Framework\.NETFramework\v4.0\System.Xml.dll" /analyze- /errorReport:prompt Database.cpp /clr:nostdlib 
         Database.cpp
         All outputs are up-to-date.
       CoreResGen:
         No resources are out of date with respect to their source files. Skipping resource generation.
       ResourceCompile:
         All outputs are up-to-date.
       Link:
         C:\Program Files (x86)\Microsoft Visual Studio 10.0\VC\bin\link.exe /ERRORREPORT:PROMPT /OUT:"D:\My Documents\GitHub\BudgetTracker\Debug\BudgetTracker.exe" /INCREMENTAL /NOLOGO /LIBPATH:"D:\My Documents\GitHub\BudgetTracker\BudgetTracker" sqlite3.lib kernel32.lib user32.lib gdi32.lib winspool.lib comdlg32.lib advapi32.lib shell32.lib ole32.lib oleaut32.lib uuid.lib odbc32.lib odbccp32.lib /ASSEMBLYRESOURCE:Debug\BudgetTracker.MainWindow.resources /MANIFEST /ManifestFile:"Debug\BudgetTracker.exe.intermediate.manifest" /MANIFESTUAC:"level='asInvoker' uiAccess='false'" /DEBUG /PDB:"D:\My Documents\GitHub\BudgetTracker\Debug\BudgetTracker.pdb" /ASSEMBLYDEBUG /SUBSYSTEM:WINDOWS /TLBID:1 /ENTRY:"main" /DYNAMICBASE /FIXED:NO /NXCOMPAT /MACHINE:X86 Debug\app.res
         Debug\AssemblyInfo.obj
         Debug\BudgetTracker.obj
         Debug\Database.obj
         Debug\stdafx.obj
         "Debug\.NETFramework,Version=v4.0.AssemblyAttributes.obj"
     1>Database.obj : error LNK2031: unable to generate p/invoke for "extern "C" int __clrcall sqlite3_open(char const *,struct sqlite3 * *)" (?sqlite3_open@@$$J0YMHPBDPAPAUsqlite3@@@Z); calling convention missing in metadata
     1>Database.obj : warning LNK4248: unresolved typeref token (0100000A) for 'sqlite3'; image may not run
     1>Database.obj : error LNK2028: unresolved token (0A000005) "extern "C" int __clrcall sqlite3_open(char const *,struct sqlite3 * *)" (?sqlite3_open@@$$J0YMHPBDPAPAUsqlite3@@@Z) referenced in function "public: void __clrcall Database::dbConnect(char)" (?dbConnect@Database@@$$FQ$AAMXD@Z)
     1>Database.obj : error LNK2019: unresolved external symbol "extern "C" int __clrcall sqlite3_open(char const *,struct sqlite3 * *)" (?sqlite3_open@@$$J0YMHPBDPAPAUsqlite3@@@Z) referenced in function "public: void __clrcall Database::dbConnect(char)" (?dbConnect@Database@@$$FQ$AAMXD@Z)
     1>D:\My Documents\GitHub\BudgetTracker\Debug\BudgetTracker.exe : fatal error LNK1120: 2 unresolved externals
     1>Done Building Project "D:\My Documents\GitHub\BudgetTracker\BudgetTracker\BudgetTracker.vcxproj" (build target(s)) -- FAILED.

Build FAILED.

Time Elapsed 00:00:00.80
